Command line:
   Mux_isim_beh.exe
     -simmode  gui
     -simrunnum  0
     -socket  52416

Mon Sep 10 21:56:59 2018


 Elaboration Time: 0.328125 sec

 Current Memory Usage: 5827.96 Meg

 Total Signals          : 4
 Total Nets             : 97
 Total Signal Drivers   : 1
 Total Blocks           : 2
 Total Primitive Blocks : 2
 Total Processes        : 1
 Total Traceable Variables  : 9
 Total Scalar Nets and Variables : 458
Total Line Count : 1

 Total Simulation Time: 0.40625 sec

 Current Memory Usage: 5356.06 Meg

Mon Sep 10 21:58:59 2018

